<?xml version="1.0" encoding="utf-8"?><testsuites name="pytest tests"><testsuite name="pytest" errors="0" failures="0" skipped="0" tests="18" time="70.723" timestamp="2026-06-17T10:58:58.412875+05:30" hostname="EPINHYDW129E"><testcase classname="tests.test_ui_scenarios" name="test_login_behavior_for_valid_and_required_field_credentials[${VALID_USERNAME}-${VALID_PASSWORD}-products page is displayed-page title &quot;Swag Labs&quot;]" time="4.085" /><testcase classname="tests.test_ui_scenarios" name="test_login_behavior_for_valid_and_required_field_credentials[${EMPTY_USERNAME}-${VALID_PASSWORD}-login page remains displayed-required username error message]" time="3.038" /><testcase classname="tests.test_ui_scenarios" name="test_login_behavior_for_valid_and_required_field_credentials[${VALID_USERNAME}-${EMPTY_PASSWORD}-login page remains displayed-required password error message]" time="3.085" /><testcase classname="tests.test_ui_scenarios" name="test_authenticated_session_remains_valid_on_refresh" time="3.301" /><testcase classname="tests.test_ui_scenarios" name="test_logged_in_shopper_can_view_catalog_details" time="3.560" /><testcase classname="tests.test_ui_scenarios" name="test_unauthenticated_access_to_products_route_is_blocked" time="3.180" /><testcase classname="tests.test_ui_scenarios" name="test_remove_item_from_cart_updates_list_and_badge" time="4.431" /><testcase classname="tests.test_ui_scenarios" name="test_checkout_navigation_works_from_cart" time="4.184" /><testcase classname="tests.test_ui_scenarios" name="test_unauthenticated_user_cannot_access_checkout" time="3.342" /><testcase classname="tests.test_ui_scenarios" name="test_checkout_information_requires_mandatory_fields[${CHECKOUT_FIRST}-${CHECKOUT_LAST}-${CHECKOUT_POSTAL}-navigation to checkout overview-overview page title is displayed]" time="4.303" /><testcase classname="tests.test_ui_scenarios" name="test_checkout_information_requires_mandatory_fields[${EMPTY_FIRST}-${CHECKOUT_LAST}-${CHECKOUT_POSTAL}-stay on checkout information page-required first name error]" time="3.925" /><testcase classname="tests.test_ui_scenarios" name="test_checkout_information_requires_mandatory_fields[${CHECKOUT_FIRST}-${EMPTY_LAST}-${CHECKOUT_POSTAL}-stay on checkout information page-required last name error]" time="4.019" /><testcase classname="tests.test_ui_scenarios" name="test_checkout_information_requires_mandatory_fields[${CHECKOUT_FIRST}-${CHECKOUT_LAST}-${EMPTY_POSTAL}-stay on checkout information page-required postal code error]" time="4.271" /><testcase classname="tests.test_ui_scenarios" name="test_shopper_can_complete_purchase_after_valid_checkout_information" time="4.229" /><testcase classname="tests.test_ui_scenarios" name="test_stable_core_shopper_flows_are_usable_on_desktop_viewport[desktop-login]" time="3.968" /><testcase classname="tests.test_ui_scenarios" name="test_stable_core_shopper_flows_are_usable_on_desktop_viewport[desktop-catalog]" time="3.891" /><testcase classname="tests.test_ui_scenarios" name="test_stable_core_shopper_flows_are_usable_on_desktop_viewport[desktop-checkout]" time="4.748" /><testcase classname="tests.test_ui_scenarios" name="test_stable_core_shopper_flows_are_usable_on_desktop_viewport[desktop-logout]" time="5.046" /></testsuite></testsuites>